[25-Jun-2017 21:15:45 UTC] PHP Fatal error:  Call to a member function exec() on a non-object in /home/ubuntu/workspace/id/inscription.php on line 33
[25-Jun-2017 21:15:45 UTC] PHP Stack trace:
[25-Jun-2017 21:15:45 UTC] PHP   1. {main}() /home/ubuntu/workspace/id/inscription.php:0
[28-Jun-2017 18:00:15 UTC] PHP Fatal error:  Cannot use object of type PDOStatement as array in /home/ubuntu/workspace/id/action.php on line 14
[28-Jun-2017 18:00:16 UTC] PHP Stack trace:
[28-Jun-2017 18:00:16 UTC] PHP   1. {main}() /home/ubuntu/workspace/id/action.php:0
[28-Jun-2017 18:07:01 UTC] PHP Catchable fatal error:  Object of class PDOStatement could not be converted to string in /home/ubuntu/workspace/id/action.php on line 25
[28-Jun-2017 18:07:01 UTC] PHP Stack trace:
[28-Jun-2017 18:07:01 UTC] PHP   1. {main}() /home/ubuntu/workspace/id/action.php:0
[28-Jun-2017 18:10:49 UTC] PHP Catchable fatal error:  Object of class PDOStatement could not be converted to string in /home/ubuntu/workspace/id/action.php on line 25
[28-Jun-2017 18:10:49 UTC] PHP Stack trace:
[28-Jun-2017 18:10:49 UTC] PHP   1. {main}() /home/ubuntu/workspace/id/action.php:0
[28-Jun-2017 18:11:02 UTC] PHP Catchable fatal error:  Object of class PDOStatement could not be converted to string in /home/ubuntu/workspace/id/action.php on line 25
[28-Jun-2017 18:11:02 UTC] PHP Stack trace:
[28-Jun-2017 18:11:02 UTC] PHP   1. {main}() /home/ubuntu/workspace/id/action.php:0
[05-Jul-2017 14:49:48 UTC] PHP Fatal error:  Call to a member function query() on a non-object in /home/ubuntu/workspace/phpFunction/functionBDD.php on line 6
[05-Jul-2017 14:49:48 UTC] PHP Stack trace:
[05-Jul-2017 14:49:48 UTC] PHP   1. {main}() /home/ubuntu/workspace/phpFunction/tchatLecture.php:0
[05-Jul-2017 14:49:48 UTC] PHP   2. lecturetchatBddmyDBTO() /home/ubuntu/workspace/phpFunction/tchatLecture.php:5
[05-Jul-2017 14:49:53 UTC] PHP Fatal error:  Call to a member function query() on a non-object in /home/ubuntu/workspace/phpFunction/functionBDD.php on line 6
[05-Jul-2017 14:49:53 UTC] PHP Stack trace:
[05-Jul-2017 14:49:53 UTC] PHP   1. {main}() /home/ubuntu/workspace/phpFunction/tchatLecture.php:0
[05-Jul-2017 14:49:53 UTC] PHP   2. lecturetchatBddmyDBTO() /home/ubuntu/workspace/phpFunction/tchatLecture.php:5
[05-Jul-2017 14:49:57 UTC] PHP Fatal error:  Call to a member function query() on a non-object in /home/ubuntu/workspace/phpFunction/functionBDD.php on line 6
[05-Jul-2017 14:49:57 UTC] PHP Stack trace:
[05-Jul-2017 14:49:57 UTC] PHP   1. {main}() /home/ubuntu/workspace/phpFunction/tchatLecture.php:0
[05-Jul-2017 14:49:57 UTC] PHP   2. lecturetchatBddmyDBTO() /home/ubuntu/workspace/phpFunction/tchatLecture.php:5
[05-Jul-2017 14:50:02 UTC] PHP Fatal error:  Call to a member function query() on a non-object in /home/ubuntu/workspace/phpFunction/functionBDD.php on line 6
[05-Jul-2017 14:50:02 UTC] PHP Stack trace:
[05-Jul-2017 14:50:02 UTC] PHP   1. {main}() /home/ubuntu/workspace/phpFunction/tchatLecture.php:0
[05-Jul-2017 14:50:02 UTC] PHP   2. lecturetchatBddmyDBTO() /home/ubuntu/workspace/phpFunction/tchatLecture.php:5
[05-Jul-2017 14:50:07 UTC] PHP Fatal error:  Call to a member function query() on a non-object in /home/ubuntu/workspace/phpFunction/functionBDD.php on line 6
[05-Jul-2017 14:50:07 UTC] PHP Stack trace:
[05-Jul-2017 14:50:07 UTC] PHP   1. {main}() /home/ubuntu/workspace/phpFunction/tchatLecture.php:0
[05-Jul-2017 14:50:07 UTC] PHP   2. lecturetchatBddmyDBTO() /home/ubuntu/workspace/phpFunction/tchatLecture.php:5
[05-Jul-2017 20:21:34 UTC] PHP Fatal error:  Call to a member function query() on a non-object in /home/ubuntu/workspace/phpFunction/functionBDD.php on line 6
[05-Jul-2017 20:21:34 UTC] PHP Stack trace:
[05-Jul-2017 20:21:34 UTC] PHP   1. {main}() /home/ubuntu/workspace/phpFunction/tchatLecture.php:0
[05-Jul-2017 20:21:34 UTC] PHP   2. lecturetchatBddmyDBTO() /home/ubuntu/workspace/phpFunction/tchatLecture.php:5
[05-Jul-2017 20:21:39 UTC] PHP Fatal error:  Call to a member function query() on a non-object in /home/ubuntu/workspace/phpFunction/functionBDD.php on line 6
[05-Jul-2017 20:21:39 UTC] PHP Stack trace:
[05-Jul-2017 20:21:39 UTC] PHP   1. {main}() /home/ubuntu/workspace/phpFunction/tchatLecture.php:0
[05-Jul-2017 20:21:39 UTC] PHP   2. lecturetchatBddmyDBTO() /home/ubuntu/workspace/phpFunction/tchatLecture.php:5
[05-Jul-2017 20:21:45 UTC] PHP Fatal error:  Call to a member function query() on a non-object in /home/ubuntu/workspace/phpFunction/functionBDD.php on line 6
[05-Jul-2017 20:21:45 UTC] PHP Stack trace:
[05-Jul-2017 20:21:45 UTC] PHP   1. {main}() /home/ubuntu/workspace/phpFunction/tchatLecture.php:0
[05-Jul-2017 20:21:45 UTC] PHP   2. lecturetchatBddmyDBTO() /home/ubuntu/workspace/phpFunction/tchatLecture.php:5
[05-Jul-2017 20:21:50 UTC] PHP Fatal error:  Call to a member function query() on a non-object in /home/ubuntu/workspace/phpFunction/functionBDD.php on line 6
[05-Jul-2017 20:21:50 UTC] PHP Stack trace:
[05-Jul-2017 20:21:50 UTC] PHP   1. {main}() /home/ubuntu/workspace/phpFunction/tchatLecture.php:0
[05-Jul-2017 20:21:50 UTC] PHP   2. lecturetchatBddmyDBTO() /home/ubuntu/workspace/phpFunction/tchatLecture.php:5
[05-Jul-2017 20:21:54 UTC] PHP Fatal error:  Call to a member function query() on a non-object in /home/ubuntu/workspace/phpFunction/functionBDD.php on line 6
[05-Jul-2017 20:21:54 UTC] PHP Stack trace:
[05-Jul-2017 20:21:54 UTC] PHP   1. {main}() /home/ubuntu/workspace/phpFunction/tchatLecture.php:0
[05-Jul-2017 20:21:54 UTC] PHP   2. lecturetchatBddmyDBTO() /home/ubuntu/workspace/phpFunction/tchatLecture.php:5
[05-Jul-2017 20:22:00 UTC] PHP Fatal error:  Call to a member function query() on a non-object in /home/ubuntu/workspace/phpFunction/functionBDD.php on line 6
[05-Jul-2017 20:22:00 UTC] PHP Stack trace:
[05-Jul-2017 20:22:00 UTC] PHP   1. {main}() /home/ubuntu/workspace/phpFunction/tchatLecture.php:0
[05-Jul-2017 20:22:00 UTC] PHP   2. lecturetchatBddmyDBTO() /home/ubuntu/workspace/phpFunction/tchatLecture.php:5
[05-Jul-2017 20:22:04 UTC] PHP Fatal error:  Call to a member function query() on a non-object in /home/ubuntu/workspace/phpFunction/functionBDD.php on line 6
[05-Jul-2017 20:22:04 UTC] PHP Stack trace:
[05-Jul-2017 20:22:04 UTC] PHP   1. {main}() /home/ubuntu/workspace/phpFunction/tchatLecture.php:0
[05-Jul-2017 20:22:04 UTC] PHP   2. lecturetchatBddmyDBTO() /home/ubuntu/workspace/phpFunction/tchatLecture.php:5
[05-Jul-2017 20:22:09 UTC] PHP Fatal error:  Call to a member function query() on a non-object in /home/ubuntu/workspace/phpFunction/functionBDD.php on line 6
[05-Jul-2017 20:22:09 UTC] PHP Stack trace:
[05-Jul-2017 20:22:09 UTC] PHP   1. {main}() /home/ubuntu/workspace/phpFunction/tchatLecture.php:0
[05-Jul-2017 20:22:09 UTC] PHP   2. lecturetchatBddmyDBTO() /home/ubuntu/workspace/phpFunction/tchatLecture.php:5
[05-Jul-2017 20:22:15 UTC] PHP Fatal error:  Call to a member function query() on a non-object in /home/ubuntu/workspace/phpFunction/functionBDD.php on line 6
[05-Jul-2017 20:22:15 UTC] PHP Stack trace:
[05-Jul-2017 20:22:15 UTC] PHP   1. {main}() /home/ubuntu/workspace/phpFunction/tchatLecture.php:0
[05-Jul-2017 20:22:15 UTC] PHP   2. lecturetchatBddmyDBTO() /home/ubuntu/workspace/phpFunction/tchatLecture.php:5
[05-Jul-2017 20:24:49 UTC] PHP Fatal error:  Call to a member function query() on a non-object in /home/ubuntu/workspace/phpFunction/functionBDD.php on line 6
[05-Jul-2017 20:24:49 UTC] PHP Stack trace:
[05-Jul-2017 20:24:49 UTC] PHP   1. {main}() /home/ubuntu/workspace/phpFunction/tchatLecture.php:0
[05-Jul-2017 20:24:49 UTC] PHP   2. lecturetchatBddmyDBTO() /home/ubuntu/workspace/phpFunction/tchatLecture.php:5
[05-Jul-2017 20:24:54 UTC] PHP Fatal error:  Call to a member function query() on a non-object in /home/ubuntu/workspace/phpFunction/functionBDD.php on line 6
[05-Jul-2017 20:24:54 UTC] PHP Stack trace:
[05-Jul-2017 20:24:54 UTC] PHP   1. {main}() /home/ubuntu/workspace/phpFunction/tchatLecture.php:0
[05-Jul-2017 20:24:54 UTC] PHP   2. lecturetchatBddmyDBTO() /home/ubuntu/workspace/phpFunction/tchatLecture.php:5
[05-Jul-2017 20:24:59 UTC] PHP Fatal error:  Call to a member function query() on a non-object in /home/ubuntu/workspace/phpFunction/functionBDD.php on line 6
[05-Jul-2017 20:24:59 UTC] PHP Stack trace:
[05-Jul-2017 20:24:59 UTC] PHP   1. {main}() /home/ubuntu/workspace/phpFunction/tchatLecture.php:0
[05-Jul-2017 20:24:59 UTC] PHP   2. lecturetchatBddmyDBTO() /home/ubuntu/workspace/phpFunction/tchatLecture.php:5
[05-Jul-2017 20:25:04 UTC] PHP Fatal error:  Call to a member function query() on a non-object in /home/ubuntu/workspace/phpFunction/functionBDD.php on line 6
[05-Jul-2017 20:25:04 UTC] PHP Stack trace:
[05-Jul-2017 20:25:04 UTC] PHP   1. {main}() /home/ubuntu/workspace/phpFunction/tchatLecture.php:0
[05-Jul-2017 20:25:04 UTC] PHP   2. lecturetchatBddmyDBTO() /home/ubuntu/workspace/phpFunction/tchatLecture.php:5
[05-Jul-2017 20:25:09 UTC] PHP Fatal error:  Call to a member function query() on a non-object in /home/ubuntu/workspace/phpFunction/functionBDD.php on line 6
[05-Jul-2017 20:25:09 UTC] PHP Stack trace:
[05-Jul-2017 20:25:09 UTC] PHP   1. {main}() /home/ubuntu/workspace/phpFunction/tchatLecture.php:0
[05-Jul-2017 20:25:09 UTC] PHP   2. lecturetchatBddmyDBTO() /home/ubuntu/workspace/phpFunction/tchatLecture.php:5
[05-Jul-2017 20:25:14 UTC] PHP Fatal error:  Call to a member function query() on a non-object in /home/ubuntu/workspace/phpFunction/functionBDD.php on line 6
[05-Jul-2017 20:25:14 UTC] PHP Stack trace:
[05-Jul-2017 20:25:14 UTC] PHP   1. {main}() /home/ubuntu/workspace/phpFunction/tchatLecture.php:0
[05-Jul-2017 20:25:14 UTC] PHP   2. lecturetchatBddmyDBTO() /home/ubuntu/workspace/phpFunction/tchatLecture.php:5
[05-Jul-2017 20:25:19 UTC] PHP Fatal error:  Call to a member function query() on a non-object in /home/ubuntu/workspace/phpFunction/functionBDD.php on line 6
[05-Jul-2017 20:25:19 UTC] PHP Stack trace:
[05-Jul-2017 20:25:19 UTC] PHP   1. {main}() /home/ubuntu/workspace/phpFunction/tchatLecture.php:0
[05-Jul-2017 20:25:19 UTC] PHP   2. lecturetchatBddmyDBTO() /home/ubuntu/workspace/phpFunction/tchatLecture.php:5
[05-Jul-2017 20:25:24 UTC] PHP Fatal error:  Call to a member function query() on a non-object in /home/ubuntu/workspace/phpFunction/functionBDD.php on line 6
[05-Jul-2017 20:25:24 UTC] PHP Stack trace:
[05-Jul-2017 20:25:24 UTC] PHP   1. {main}() /home/ubuntu/workspace/phpFunction/tchatLecture.php:0
[05-Jul-2017 20:25:24 UTC] PHP   2. lecturetchatBddmyDBTO() /home/ubuntu/workspace/phpFunction/tchatLecture.php:5
[05-Jul-2017 20:26:48 UTC] PHP Fatal error:  Call to a member function query() on a non-object in /home/ubuntu/workspace/phpFunction/functionBDD.php on line 6
[05-Jul-2017 20:26:48 UTC] PHP Stack trace:
[05-Jul-2017 20:26:48 UTC] PHP   1. {main}() /home/ubuntu/workspace/phpFunction/tchatLecture.php:0
[05-Jul-2017 20:26:48 UTC] PHP   2. lecturetchatBddmyDBTO() /home/ubuntu/workspace/phpFunction/tchatLecture.php:5
[05-Jul-2017 20:26:52 UTC] PHP Fatal error:  Call to a member function query() on a non-object in /home/ubuntu/workspace/phpFunction/functionBDD.php on line 6
[05-Jul-2017 20:26:52 UTC] PHP Stack trace:
[05-Jul-2017 20:26:52 UTC] PHP   1. {main}() /home/ubuntu/workspace/phpFunction/tchatLecture.php:0
[05-Jul-2017 20:26:52 UTC] PHP   2. lecturetchatBddmyDBTO() /home/ubuntu/workspace/phpFunction/tchatLecture.php:5
[05-Jul-2017 20:26:57 UTC] PHP Fatal error:  Call to a member function query() on a non-object in /home/ubuntu/workspace/phpFunction/functionBDD.php on line 6
[05-Jul-2017 20:26:57 UTC] PHP Stack trace:
[05-Jul-2017 20:26:57 UTC] PHP   1. {main}() /home/ubuntu/workspace/phpFunction/tchatLecture.php:0
[05-Jul-2017 20:26:57 UTC] PHP   2. lecturetchatBddmyDBTO() /home/ubuntu/workspace/phpFunction/tchatLecture.php:5
[05-Jul-2017 20:27:02 UTC] PHP Fatal error:  Call to a member function query() on a non-object in /home/ubuntu/workspace/phpFunction/functionBDD.php on line 6
[05-Jul-2017 20:27:02 UTC] PHP Stack trace:
[05-Jul-2017 20:27:02 UTC] PHP   1. {main}() /home/ubuntu/workspace/phpFunction/tchatLecture.php:0
[05-Jul-2017 20:27:02 UTC] PHP   2. lecturetchatBddmyDBTO() /home/ubuntu/workspace/phpFunction/tchatLecture.php:5
[05-Jul-2017 20:27:25 UTC] PHP Fatal error:  Call to a member function query() on a non-object in /home/ubuntu/workspace/phpFunction/functionBDD.php on line 6
[05-Jul-2017 20:27:25 UTC] PHP Stack trace:
[05-Jul-2017 20:27:25 UTC] PHP   1. {main}() /home/ubuntu/workspace/phpFunction/tchatLecture.php:0
[05-Jul-2017 20:27:25 UTC] PHP   2. lecturetchatBddmyDBTO() /home/ubuntu/workspace/phpFunction/tchatLecture.php:5
[05-Jul-2017 20:27:30 UTC] PHP Fatal error:  Call to a member function query() on a non-object in /home/ubuntu/workspace/phpFunction/functionBDD.php on line 6
[05-Jul-2017 20:27:30 UTC] PHP Stack trace:
[05-Jul-2017 20:27:30 UTC] PHP   1. {main}() /home/ubuntu/workspace/phpFunction/tchatLecture.php:0
[05-Jul-2017 20:27:30 UTC] PHP   2. lecturetchatBddmyDBTO() /home/ubuntu/workspace/phpFunction/tchatLecture.php:5
[05-Jul-2017 20:31:04 UTC] PHP Fatal error:  Call to a member function query() on a non-object in /home/ubuntu/workspace/phpFunction/functionBDD.php on line 6
[05-Jul-2017 20:31:04 UTC] PHP Stack trace:
[05-Jul-2017 20:31:04 UTC] PHP   1. {main}() /home/ubuntu/workspace/phpFunction/tchatLecture.php:0
[05-Jul-2017 20:31:04 UTC] PHP   2. lecturetchatBddmyDBTO() /home/ubuntu/workspace/phpFunction/tchatLecture.php:5
[05-Jul-2017 20:31:09 UTC] PHP Fatal error:  Call to a member function query() on a non-object in /home/ubuntu/workspace/phpFunction/functionBDD.php on line 6
[05-Jul-2017 20:31:09 UTC] PHP Stack trace:
[05-Jul-2017 20:31:09 UTC] PHP   1. {main}() /home/ubuntu/workspace/phpFunction/tchatLecture.php:0
[05-Jul-2017 20:31:09 UTC] PHP   2. lecturetchatBddmyDBTO() /home/ubuntu/workspace/phpFunction/tchatLecture.php:5
[05-Jul-2017 20:31:14 UTC] PHP Fatal error:  Call to a member function query() on a non-object in /home/ubuntu/workspace/phpFunction/functionBDD.php on line 6
[05-Jul-2017 20:31:14 UTC] PHP Stack trace:
[05-Jul-2017 20:31:14 UTC] PHP   1. {main}() /home/ubuntu/workspace/phpFunction/tchatLecture.php:0
[05-Jul-2017 20:31:14 UTC] PHP   2. lecturetchatBddmyDBTO() /home/ubuntu/workspace/phpFunction/tchatLecture.php:5
[27-Aug-2017 15:37:31 UTC] PHP Warning:  in_array() expects parameter 2 to be array, string given in /home/ubuntu/workspace/documentPerso/docadmin.php on line 16
[27-Aug-2017 15:37:31 UTC] PHP Stack trace:
[27-Aug-2017 15:37:31 UTC] PHP   1. {main}() /home/ubuntu/workspace/documentPerso/docadmin.php:0
[27-Aug-2017 15:37:31 UTC] PHP   2. in_array() /home/ubuntu/workspace/documentPerso/docadmin.php:16
[27-Aug-2017 15:40:06 UTC] PHP Warning:  in_array() expects parameter 2 to be array, string given in /home/ubuntu/workspace/documentPerso/docadmin.php on line 16
[27-Aug-2017 15:40:06 UTC] PHP Stack trace:
[27-Aug-2017 15:40:06 UTC] PHP   1. {main}() /home/ubuntu/workspace/documentPerso/docadmin.php:0
[27-Aug-2017 15:40:06 UTC] PHP   2. in_array() /home/ubuntu/workspace/documentPerso/docadmin.php:16
[27-Aug-2017 15:46:35 UTC] PHP Warning:  move_uploaded_file(documentenvoye/EXPERIENCES PROFESSIONNELLES2.pdf): failed to open stream: No such file or directory in /home/ubuntu/workspace/documentPerso/docadmin.php on line 24
[27-Aug-2017 15:46:35 UTC] PHP Stack trace:
[27-Aug-2017 15:46:35 UTC] PHP   1. {main}() /home/ubuntu/workspace/documentPerso/docadmin.php:0
[27-Aug-2017 15:46:35 UTC] PHP   2. move_uploaded_file() /home/ubuntu/workspace/documentPerso/docadmin.php:24
[27-Aug-2017 15:46:35 UTC] PHP Warning:  move_uploaded_file(): Unable to move '/tmp/phpY2e1ak' to 'documentenvoye/EXPERIENCES PROFESSIONNELLES2.pdf' in /home/ubuntu/workspace/documentPerso/docadmin.php on line 24
[27-Aug-2017 15:46:35 UTC] PHP Stack trace:
[27-Aug-2017 15:46:35 UTC] PHP   1. {main}() /home/ubuntu/workspace/documentPerso/docadmin.php:0
[27-Aug-2017 15:46:35 UTC] PHP   2. move_uploaded_file() /home/ubuntu/workspace/documentPerso/docadmin.php:24
[05-Sep-2017 11:01:01 UTC] PHP Warning:  explode() expects parameter 2 to be string, array given in /home/ubuntu/workspace/documentPerso/docadmin.php on line 21
[05-Sep-2017 11:01:01 UTC] PHP Stack trace:
[05-Sep-2017 11:01:01 UTC] PHP   1. {main}() /home/ubuntu/workspace/documentPerso/docadmin.php:0
[05-Sep-2017 11:01:01 UTC] PHP   2. explode() /home/ubuntu/workspace/documentPerso/docadmin.php:21
[05-Sep-2017 11:01:12 UTC] PHP Warning:  explode() expects parameter 2 to be string, array given in /home/ubuntu/workspace/documentPerso/docadmin.php on line 21
[05-Sep-2017 11:01:12 UTC] PHP Stack trace:
[05-Sep-2017 11:01:12 UTC] PHP   1. {main}() /home/ubuntu/workspace/documentPerso/docadmin.php:0
[05-Sep-2017 11:01:12 UTC] PHP   2. explode() /home/ubuntu/workspace/documentPerso/docadmin.php:21
